::1 - - [10/Oct/2023:22:52:22 +0300] "GET /favicon.ico HTTP/1.1" 404 196
::1 - - [10/Oct/2023:22:53:22 +0300] "-" 408 -
::1 - - [10/Oct/2023:22:53:42 +0300] "-" 408 -
::1 - - [10/Oct/2023:23:05:31 +0300] "GET /index.html HTTP/1.1" 200 411
::1 - - [10/Oct/2023:23:05:44 +0300] "POST /display.php HTTP/1.1" 200 51
::1 - - [10/Oct/2023:23:06:44 +0300] "-" 408 -
::1 - - [10/Oct/2023:23:09:05 +0300] "POST /display.php HTTP/1.1" 200 51
::1 - - [10/Oct/2023:23:09:11 +0300] "GET /index.html HTTP/1.1" 200 1854
::1 - - [10/Oct/2023:23:09:11 +0300] "GET /styles.css HTTP/1.1" 200 2027
::1 - - [10/Oct/2023:23:09:11 +0300] "GET /dance1.jpg HTTP/1.1" 200 249876
::1 - - [10/Oct/2023:23:09:11 +0300] "GET /background.jpg HTTP/1.1" 200 47899
::1 - - [10/Oct/2023:23:09:15 +0300] "GET /index.html HTTP/1.1" 304 -
::1 - - [10/Oct/2023:23:09:17 +0300] "GET /index.html HTTP/1.1" 304 -
::1 - - [10/Oct/2023:23:09:18 +0300] "GET /index.html HTTP/1.1" 304 -
::1 - - [10/Oct/2023:23:09:35 +0300] "GET /index.php HTTP/1.1" 200 1531
::1 - - [10/Oct/2023:23:09:35 +0300] "GET /dance2.jpg HTTP/1.1" 200 126714
::1 - - [10/Oct/2023:23:09:40 +0300] "GET /index.php HTTP/1.1" 200 1531
::1 - - [10/Oct/2023:23:09:43 +0300] "GET /feedback.php HTTP/1.1" 200 2581
::1 - - [10/Oct/2023:23:10:40 +0300] "-" 408 -
::1 - - [10/Oct/2023:23:12:28 +0300] "GET /feedback.php HTTP/1.1" 200 2581
::1 - - [10/Oct/2023:23:13:14 +0300] "GET /feedback.php HTTP/1.1" 200 2581
::1 - - [10/Oct/2023:23:13:16 +0300] "GET /index.php HTTP/1.1" 200 1531
::1 - - [10/Oct/2023:23:13:20 +0300] "GET /authorization.php HTTP/1.1" 200 1631
::1 - - [10/Oct/2023:23:14:14 +0300] "-" 408 -
::1 - - [10/Oct/2023:23:14:26 +0300] "GET /authorization.php HTTP/1.1" 200 1631
::1 - - [10/Oct/2023:23:14:26 +0300] "GET /styles.css HTTP/1.1" 200 2029
::1 - - [10/Oct/2023:23:14:28 +0300] "GET /index.php HTTP/1.1" 200 1531
::1 - - [10/Oct/2023:23:14:28 +0300] "GET /styles.css HTTP/1.1" 304 -
::1 - - [10/Oct/2023:23:14:32 +0300] "GET /authorization.php HTTP/1.1" 200 1631
::1 - - [10/Oct/2023:23:14:32 +0300] "GET /styles.css HTTP/1.1" 304 -
::1 - - [10/Oct/2023:23:14:34 +0300] "GET /feedback.php HTTP/1.1" 200 2581
::1 - - [10/Oct/2023:23:14:34 +0300] "GET /styles.css HTTP/1.1" 304 -
::1 - - [10/Oct/2023:23:14:35 +0300] "GET /index.php HTTP/1.1" 200 1531
::1 - - [10/Oct/2023:23:14:35 +0300] "GET /styles.css HTTP/1.1" 304 -
::1 - - [10/Oct/2023:23:14:56 +0300] "GET /index.php HTTP/1.1" 200 1531
::1 - - [10/Oct/2023:23:14:56 +0300] "GET /styles.css HTTP/1.1" 200 2033
::1 - - [10/Oct/2023:23:14:59 +0300] "GET /index.php HTTP/1.1" 200 1531
::1 - - [10/Oct/2023:23:14:59 +0300] "GET /styles.css HTTP/1.1" 304 -
::1 - - [10/Oct/2023:23:15:02 +0300] "GET /authorization.php HTTP/1.1" 200 1631
::1 - - [10/Oct/2023:23:15:02 +0300] "GET /styles.css HTTP/1.1" 304 -
::1 - - [10/Oct/2023:23:15:04 +0300] "GET /feedback.php HTTP/1.1" 200 2581
::1 - - [10/Oct/2023:23:15:04 +0300] "GET /styles.css HTTP/1.1" 304 -
::1 - - [10/Oct/2023:23:15:15 +0300] "GET /feedback.php HTTP/1.1" 200 2581
::1 - - [10/Oct/2023:23:15:15 +0300] "GET /styles.css HTTP/1.1" 200 2031
::1 - - [10/Oct/2023:23:16:15 +0300] "-" 408 -
::1 - - [10/Oct/2023:23:16:42 +0300] "GET /feedback.php HTTP/1.1" 200 2581
::1 - - [10/Oct/2023:23:16:42 +0300] "GET /styles.css HTTP/1.1" 200 2084
::1 - - [10/Oct/2023:23:16:44 +0300] "GET /index.php HTTP/1.1" 200 1531
::1 - - [10/Oct/2023:23:16:44 +0300] "GET /styles.css HTTP/1.1" 304 -
::1 - - [10/Oct/2023:23:16:45 +0300] "GET /feedback.php HTTP/1.1" 200 2581
::1 - - [10/Oct/2023:23:16:45 +0300] "GET /styles.css HTTP/1.1" 304 -
::1 - - [10/Oct/2023:23:16:46 +0300] "GET /authorization.php HTTP/1.1" 200 1631
::1 - - [10/Oct/2023:23:16:46 +0300] "GET /styles.css HTTP/1.1" 304 -
::1 - - [10/Oct/2023:23:16:48 +0300] "GET /index.php HTTP/1.1" 200 1531
::1 - - [10/Oct/2023:23:16:48 +0300] "GET /styles.css HTTP/1.1" 304 -
::1 - - [10/Oct/2023:23:16:49 +0300] "GET /feedback.php HTTP/1.1" 200 2581
::1 - - [10/Oct/2023:23:16:49 +0300] "GET /styles.css HTTP/1.1" 304 -
::1 - - [10/Oct/2023:23:16:51 +0300] "GET /authorization.php HTTP/1.1" 200 1631
::1 - - [10/Oct/2023:23:16:51 +0300] "GET /styles.css HTTP/1.1" 304 -
::1 - - [10/Oct/2023:23:17:42 +0300] "-" 408 -
::1 - - [10/Oct/2023:23:18:37 +0300] "GET /feedback.php HTTP/1.1" 200 2581
::1 - - [10/Oct/2023:23:18:37 +0300] "GET /styles.css HTTP/1.1" 304 -
::1 - - [10/Oct/2023:23:18:38 +0300] "GET /authorization.php HTTP/1.1" 200 1631
::1 - - [10/Oct/2023:23:18:39 +0300] "GET /feedback.php HTTP/1.1" 200 2581
::1 - - [10/Oct/2023:23:18:42 +0300] "GET /feedback.php HTTP/1.1" 200 2581
::1 - - [10/Oct/2023:23:18:44 +0300] "GET /index.php HTTP/1.1" 200 1531
::1 - - [10/Oct/2023:23:18:46 +0300] "GET /index.php HTTP/1.1" 200 1531
::1 - - [10/Oct/2023:23:18:55 +0300] "GET /index.php HTTP/1.1" 200 1531
::1 - - [10/Oct/2023:23:18:55 +0300] "GET /styles.css HTTP/1.1" 200 2031
::1 - - [10/Oct/2023:23:19:55 +0300] "-" 408 -
::1 - - [10/Oct/2023:23:40:56 +0300] "GET /feedback.php HTTP/1.1" 200 2581
::1 - - [10/Oct/2023:23:40:56 +0300] "GET /styles.css HTTP/1.1" 304 -
::1 - - [10/Oct/2023:23:40:57 +0300] "GET /authorization.php HTTP/1.1" 200 1631
::1 - - [10/Oct/2023:23:40:58 +0300] "GET /index.php HTTP/1.1" 200 1531
::1 - - [10/Oct/2023:23:41:56 +0300] "-" 408 -
::1 - - [10/Oct/2023:23:41:56 +0300] "GET /index.php HTTP/1.1" 200 1531
::1 - - [10/Oct/2023:23:42:00 +0300] "GET /feedback.php HTTP/1.1" 200 2581
::1 - - [10/Oct/2023:23:42:03 +0300] "GET /authorization.php HTTP/1.1" 200 1631
::1 - - [10/Oct/2023:23:42:56 +0300] "-" 408 -
::1 - - [10/Oct/2023:23:43:28 +0300] "GET /authorization.php HTTP/1.1" 200 1631
::1 - - [10/Oct/2023:23:43:28 +0300] "GET /styles.css HTTP/1.1" 200 2048
::1 - - [10/Oct/2023:23:43:30 +0300] "GET /index.php HTTP/1.1" 200 1531
::1 - - [10/Oct/2023:23:43:30 +0300] "GET /styles.css HTTP/1.1" 304 -
::1 - - [10/Oct/2023:23:43:32 +0300] "GET /index.php HTTP/1.1" 200 1531
::1 - - [10/Oct/2023:23:43:32 +0300] "GET /styles.css HTTP/1.1" 304 -
::1 - - [10/Oct/2023:23:43:35 +0300] "GET /authorization.php HTTP/1.1" 200 1631
::1 - - [10/Oct/2023:23:43:35 +0300] "GET /styles.css HTTP/1.1" 304 -
::1 - - [10/Oct/2023:23:44:08 +0300] "GET /authorization.php HTTP/1.1" 200 1631
::1 - - [10/Oct/2023:23:44:08 +0300] "GET /styles.css HTTP/1.1" 200 2048
::1 - - [10/Oct/2023:23:44:10 +0300] "GET /index.php HTTP/1.1" 200 1531
::1 - - [10/Oct/2023:23:44:10 +0300] "GET /styles.css HTTP/1.1" 304 -
::1 - - [10/Oct/2023:23:44:39 +0300] "GET /index.php HTTP/1.1" 200 1531
::1 - - [10/Oct/2023:23:44:39 +0300] "GET /dance2.jpg HTTP/1.1" 304 -
::1 - - [10/Oct/2023:23:44:39 +0300] "GET /styles.css HTTP/1.1" 200 2067
::1 - - [10/Oct/2023:23:44:58 +0300] "GET /index.php HTTP/1.1" 200 1531
::1 - - [10/Oct/2023:23:44:58 +0300] "GET /styles.css HTTP/1.1" 200 2067
::1 - - [10/Oct/2023:23:45:12 +0300] "GET /index.php HTTP/1.1" 200 1531
::1 - - [10/Oct/2023:23:45:12 +0300] "GET /styles.css HTTP/1.1" 200 2067
::1 - - [10/Oct/2023:23:45:14 +0300] "GET /index.php HTTP/1.1" 200 1531
::1 - - [10/Oct/2023:23:45:14 +0300] "GET /styles.css HTTP/1.1" 304 -
::1 - - [10/Oct/2023:23:45:16 +0300] "GET /index.php HTTP/1.1" 200 1531
::1 - - [10/Oct/2023:23:45:16 +0300] "GET /styles.css HTTP/1.1" 304 -
::1 - - [10/Oct/2023:23:45:27 +0300] "GET /index.php HTTP/1.1" 200 1531
::1 - - [10/Oct/2023:23:45:27 +0300] "GET /styles.css HTTP/1.1" 200 2067
::1 - - [10/Oct/2023:23:45:58 +0300] "GET /index.php HTTP/1.1" 200 1531
::1 - - [10/Oct/2023:23:45:58 +0300] "GET /styles.css HTTP/1.1" 200 2067
::1 - - [10/Oct/2023:23:46:10 +0300] "GET /index.php HTTP/1.1" 200 1531
::1 - - [10/Oct/2023:23:46:10 +0300] "GET /styles.css HTTP/1.1" 200 2068
::1 - - [10/Oct/2023:23:46:19 +0300] "GET /index.php HTTP/1.1" 200 1531
::1 - - [10/Oct/2023:23:46:19 +0300] "GET /styles.css HTTP/1.1" 200 2067
::1 - - [10/Oct/2023:23:47:07 +0300] "GET /index.php HTTP/1.1" 200 1531
::1 - - [10/Oct/2023:23:47:07 +0300] "GET /styles.css HTTP/1.1" 200 2064
::1 - - [10/Oct/2023:23:48:07 +0300] "-" 408 -
::1 - - [10/Oct/2023:23:48:10 +0300] "GET /index.php HTTP/1.1" 200 1531
::1 - - [10/Oct/2023:23:48:10 +0300] "GET /styles.css HTTP/1.1" 200 2067
::1 - - [10/Oct/2023:23:48:18 +0300] "GET /index.php HTTP/1.1" 200 1531
::1 - - [10/Oct/2023:23:48:18 +0300] "GET /styles.css HTTP/1.1" 304 -
::1 - - [10/Oct/2023:23:48:29 +0300] "GET /index.php HTTP/1.1" 200 1531
::1 - - [10/Oct/2023:23:48:29 +0300] "GET /styles.css HTTP/1.1" 200 2068
::1 - - [10/Oct/2023:23:49:01 +0300] "GET /index.php HTTP/1.1" 200 1531
::1 - - [10/Oct/2023:23:49:01 +0300] "GET /styles.css HTTP/1.1" 200 2066
::1 - - [10/Oct/2023:23:49:36 +0300] "GET /index.php HTTP/1.1" 200 1531
::1 - - [10/Oct/2023:23:49:36 +0300] "GET /styles.css HTTP/1.1" 304 -
::1 - - [10/Oct/2023:23:49:39 +0300] "GET /feedback.php HTTP/1.1" 200 2581
::1 - - [10/Oct/2023:23:50:22 +0300] "GET /feedback.php HTTP/1.1" 200 2581
::1 - - [10/Oct/2023:23:50:22 +0300] "GET /styles.css HTTP/1.1" 200 2072
::1 - - [10/Oct/2023:23:50:23 +0300] "GET /index.php HTTP/1.1" 200 1531
::1 - - [10/Oct/2023:23:50:24 +0300] "GET /styles.css HTTP/1.1" 304 -
::1 - - [10/Oct/2023:23:50:25 +0300] "GET /index.php HTTP/1.1" 200 1531
::1 - - [10/Oct/2023:23:50:25 +0300] "GET /styles.css HTTP/1.1" 304 -
::1 - - [10/Oct/2023:23:50:27 +0300] "GET /index.php HTTP/1.1" 200 1531
::1 - - [10/Oct/2023:23:50:27 +0300] "GET /styles.css HTTP/1.1" 304 -
::1 - - [10/Oct/2023:23:50:38 +0300] "GET /index.php HTTP/1.1" 200 1531
::1 - - [10/Oct/2023:23:50:38 +0300] "GET /styles.css HTTP/1.1" 200 2067
::1 - - [10/Oct/2023:23:50:47 +0300] "GET /index.php HTTP/1.1" 200 1531
::1 - - [10/Oct/2023:23:50:47 +0300] "GET /styles.css HTTP/1.1" 304 -
::1 - - [10/Oct/2023:23:51:02 +0300] "GET /index.php HTTP/1.1" 200 1531
::1 - - [10/Oct/2023:23:51:02 +0300] "GET /styles.css HTTP/1.1" 200 2065
::1 - - [10/Oct/2023:23:51:20 +0300] "GET /index.php HTTP/1.1" 200 1531
::1 - - [10/Oct/2023:23:51:20 +0300] "GET /styles.css HTTP/1.1" 200 2067
::1 - - [10/Oct/2023:23:51:22 +0300] "GET /index.php HTTP/1.1" 200 1531
::1 - - [10/Oct/2023:23:51:22 +0300] "GET /styles.css HTTP/1.1" 304 -
::1 - - [10/Oct/2023:23:51:24 +0300] "GET /index.php HTTP/1.1" 200 1531
::1 - - [10/Oct/2023:23:51:24 +0300] "GET /styles.css HTTP/1.1" 304 -
::1 - - [10/Oct/2023:23:51:24 +0300] "GET /index.php HTTP/1.1" 200 1531
::1 - - [10/Oct/2023:23:51:24 +0300] "GET /styles.css HTTP/1.1" 304 -
::1 - - [10/Oct/2023:23:51:26 +0300] "GET /index.php HTTP/1.1" 200 1531
::1 - - [10/Oct/2023:23:51:26 +0300] "GET /styles.css HTTP/1.1" 304 -
::1 - - [10/Oct/2023:23:51:29 +0300] "GET /feedback.php HTTP/1.1" 200 2581
::1 - - [10/Oct/2023:23:51:29 +0300] "GET /styles.css HTTP/1.1" 304 -
::1 - - [10/Oct/2023:23:51:30 +0300] "GET /index.php HTTP/1.1" 200 1531
::1 - - [10/Oct/2023:23:51:30 +0300] "GET /styles.css HTTP/1.1" 304 -
::1 - - [10/Oct/2023:23:51:32 +0300] "GET /authorization.php HTTP/1.1" 200 1631
::1 - - [10/Oct/2023:23:51:32 +0300] "GET /styles.css HTTP/1.1" 304 -
::1 - - [10/Oct/2023:23:51:34 +0300] "GET /feedback.php HTTP/1.1" 200 2581
::1 - - [10/Oct/2023:23:51:34 +0300] "GET /styles.css HTTP/1.1" 304 -
::1 - - [10/Oct/2023:23:51:35 +0300] "GET /index.php HTTP/1.1" 200 1531
::1 - - [10/Oct/2023:23:52:20 +0300] "-" 408 -
::1 - - [10/Oct/2023:23:52:33 +0300] "GET /index.php HTTP/1.1" 200 1531
::1 - - [10/Oct/2023:23:52:33 +0300] "GET /styles.css HTTP/1.1" 200 2096
::1 - - [10/Oct/2023:23:53:09 +0300] "GET /index.php HTTP/1.1" 200 1531
::1 - - [10/Oct/2023:23:53:09 +0300] "GET /styles.css HTTP/1.1" 200 2067
::1 - - [10/Oct/2023:23:53:24 +0300] "GET /index.php HTTP/1.1" 200 1531
::1 - - [10/Oct/2023:23:53:24 +0300] "GET /styles.css HTTP/1.1" 200 2066
::1 - - [10/Oct/2023:23:54:24 +0300] "-" 408 -
::1 - - [10/Oct/2023:23:55:21 +0300] "GET /index.php HTTP/1.1" 200 1531
::1 - - [10/Oct/2023:23:55:21 +0300] "GET /styles.css HTTP/1.1" 304 -
::1 - - [10/Oct/2023:23:55:25 +0300] "GET /index.php HTTP/1.1" 200 1531
::1 - - [10/Oct/2023:23:55:42 +0300] "GET /feedback.php HTTP/1.1" 200 2581
::1 - - [10/Oct/2023:23:55:42 +0300] "GET /styles.css HTTP/1.1" 304 -
::1 - - [10/Oct/2023:23:55:51 +0300] "GET /authorization.php HTTP/1.1" 200 1631
::1 - - [10/Oct/2023:23:55:53 +0300] "GET /feedback.php HTTP/1.1" 200 2581
::1 - - [10/Oct/2023:23:56:22 +0300] "GET /feedback.php HTTP/1.1" 200 2581
::1 - - [10/Oct/2023:23:56:22 +0300] "GET /styles.css HTTP/1.1" 200 1986
::1 - - [10/Oct/2023:23:56:25 +0300] "GET /feedback.php HTTP/1.1" 200 2581
::1 - - [10/Oct/2023:23:56:25 +0300] "GET /styles.css HTTP/1.1" 304 -
::1 - - [10/Oct/2023:23:56:26 +0300] "GET /authorization.php HTTP/1.1" 200 1631
::1 - - [10/Oct/2023:23:56:26 +0300] "GET /styles.css HTTP/1.1" 304 -
::1 - - [10/Oct/2023:23:56:28 +0300] "GET /authorization.php HTTP/1.1" 200 1631
::1 - - [10/Oct/2023:23:56:28 +0300] "GET /styles.css HTTP/1.1" 304 -
::1 - - [10/Oct/2023:23:56:30 +0300] "GET /index.php HTTP/1.1" 200 1531
::1 - - [10/Oct/2023:23:56:30 +0300] "GET /styles.css HTTP/1.1" 304 -
::1 - - [10/Oct/2023:23:57:05 +0300] "GET /authorization.php HTTP/1.1" 200 1631
::1 - - [10/Oct/2023:23:57:05 +0300] "GET /styles.css HTTP/1.1" 304 -
::1 - - [10/Oct/2023:23:57:07 +0300] "GET /feedback.php HTTP/1.1" 200 2581
::1 - - [10/Oct/2023:23:57:10 +0300] "GET /authorization.php HTTP/1.1" 200 1631
::1 - - [10/Oct/2023:23:57:10 +0300] "GET /styles.css HTTP/1.1" 304 -
::1 - - [10/Oct/2023:23:58:05 +0300] "-" 408 -
::1 - - [10/Oct/2023:23:59:36 +0300] "GET /index.php HTTP/1.1" 200 1531
::1 - - [10/Oct/2023:23:59:36 +0300] "GET /styles.css HTTP/1.1" 304 -
::1 - - [11/Oct/2023:00:00:36 +0300] "-" 408 -
::1 - - [11/Oct/2023:00:01:46 +0300] "GET /index.php HTTP/1.1" 200 1539
::1 - - [11/Oct/2023:00:01:46 +0300] "GET /styles.css HTTP/1.1" 304 -
::1 - - [11/Oct/2023:00:02:29 +0300] "GET /index.php HTTP/1.1" 200 1539
::1 - - [11/Oct/2023:00:02:29 +0300] "GET /dance2.jpg HTTP/1.1" 304 -
::1 - - [11/Oct/2023:00:02:29 +0300] "GET /styles.css HTTP/1.1" 200 1966
::1 - - [11/Oct/2023:00:02:45 +0300] "GET /index.php HTTP/1.1" 200 1539
::1 - - [11/Oct/2023:00:02:45 +0300] "GET /styles.css HTTP/1.1" 200 1986
::1 - - [11/Oct/2023:00:02:58 +0300] "GET /index.php HTTP/1.1" 200 1539
::1 - - [11/Oct/2023:00:02:58 +0300] "GET /styles.css HTTP/1.1" 200 1986
::1 - - [11/Oct/2023:00:03:33 +0300] "GET /index.php HTTP/1.1" 200 1539
::1 - - [11/Oct/2023:00:03:33 +0300] "GET /styles.css HTTP/1.1" 304 -
::1 - - [11/Oct/2023:00:03:36 +0300] "GET /feedback.php HTTP/1.1" 200 2581
::1 - - [11/Oct/2023:00:03:36 +0300] "GET /styles.css HTTP/1.1" 304 -
::1 - - [11/Oct/2023:00:03:38 +0300] "GET /authorization.php HTTP/1.1" 200 1631
::1 - - [11/Oct/2023:00:03:39 +0300] "GET /index.php HTTP/1.1" 200 1539
::1 - - [11/Oct/2023:00:03:41 +0300] "GET /authorization.php HTTP/1.1" 200 1631
::1 - - [11/Oct/2023:00:03:41 +0300] "GET /styles.css HTTP/1.1" 304 -
::1 - - [11/Oct/2023:00:04:33 +0300] "-" 408 -
::1 - - [11/Oct/2023:00:04:54 +0300] "GET /index.php HTTP/1.1" 200 1539
::1 - - [11/Oct/2023:00:04:54 +0300] "GET /styles.css HTTP/1.1" 200 2002
::1 - - [11/Oct/2023:00:05:02 +0300] "GET /feedback.php HTTP/1.1" 200 2581
::1 - - [11/Oct/2023:00:05:02 +0300] "GET /styles.css HTTP/1.1" 304 -
::1 - - [11/Oct/2023:00:05:06 +0300] "GET /authorization.php HTTP/1.1" 200 1631
::1 - - [11/Oct/2023:00:05:06 +0300] "GET /styles.css HTTP/1.1" 304 -
::1 - - [11/Oct/2023:00:05:28 +0300] "GET /authorization.php HTTP/1.1" 200 1631
::1 - - [11/Oct/2023:00:05:28 +0300] "GET /styles.css HTTP/1.1" 200 2002
::1 - - [11/Oct/2023:00:05:30 +0300] "GET /authorization.php HTTP/1.1" 200 1631
::1 - - [11/Oct/2023:00:05:30 +0300] "GET /styles.css HTTP/1.1" 304 -
::1 - - [11/Oct/2023:00:05:37 +0300] "GET /feedback.php HTTP/1.1" 200 2581
::1 - - [11/Oct/2023:00:05:37 +0300] "GET /styles.css HTTP/1.1" 200 2002
::1 - - [11/Oct/2023:00:05:38 +0300] "GET /index.php HTTP/1.1" 200 1539
::1 - - [11/Oct/2023:00:05:38 +0300] "GET /styles.css HTTP/1.1" 304 -
::1 - - [11/Oct/2023:00:05:41 +0300] "GET /authorization.php HTTP/1.1" 200 1631
::1 - - [11/Oct/2023:00:05:42 +0300] "GET /styles.css HTTP/1.1" 304 -
::1 - - [11/Oct/2023:00:05:44 +0300] "GET /feedback.php HTTP/1.1" 200 2581
::1 - - [11/Oct/2023:00:05:44 +0300] "GET /styles.css HTTP/1.1" 304 -
::1 - - [11/Oct/2023:00:06:02 +0300] "GET /feedback.php HTTP/1.1" 200 2581
::1 - - [11/Oct/2023:00:06:02 +0300] "GET /styles.css HTTP/1.1" 200 1983
::1 - - [11/Oct/2023:00:06:05 +0300] "GET /index.php HTTP/1.1" 200 1539
::1 - - [11/Oct/2023:00:06:05 +0300] "GET /styles.css HTTP/1.1" 304 -
::1 - - [11/Oct/2023:00:06:21 +0300] "GET /index.php HTTP/1.1" 200 1539
::1 - - [11/Oct/2023:00:06:21 +0300] "GET /styles.css HTTP/1.1" 200 1982
::1 - - [11/Oct/2023:00:07:16 +0300] "GET /index.php HTTP/1.1" 200 1539
::1 - - [11/Oct/2023:00:07:16 +0300] "GET /styles.css HTTP/1.1" 200 1987
::1 - - [11/Oct/2023:00:07:20 +0300] "GET /feedback.php HTTP/1.1" 200 2581
::1 - - [11/Oct/2023:00:07:20 +0300] "GET /styles.css HTTP/1.1" 304 -
::1 - - [11/Oct/2023:00:07:24 +0300] "GET /authorization.php HTTP/1.1" 200 1631
::1 - - [11/Oct/2023:00:07:24 +0300] "GET /styles.css HTTP/1.1" 304 -
::1 - - [11/Oct/2023:00:07:53 +0300] "GET /authorization.php HTTP/1.1" 200 1631
::1 - - [11/Oct/2023:00:07:53 +0300] "GET /styles.css HTTP/1.1" 200 1976
::1 - - [11/Oct/2023:00:07:54 +0300] "GET /index.php HTTP/1.1" 200 1539
::1 - - [11/Oct/2023:00:07:54 +0300] "GET /styles.css HTTP/1.1" 304 -
::1 - - [11/Oct/2023:00:07:58 +0300] "GET /feedback.php HTTP/1.1" 200 2581
::1 - - [11/Oct/2023:00:07:58 +0300] "GET /styles.css HTTP/1.1" 304 -
::1 - - [11/Oct/2023:00:08:31 +0300] "GET /feedback.php HTTP/1.1" 200 2581
::1 - - [11/Oct/2023:00:08:31 +0300] "GET /styles.css HTTP/1.1" 200 1995
::1 - - [11/Oct/2023:00:08:33 +0300] "GET /index.php HTTP/1.1" 200 1539
::1 - - [11/Oct/2023:00:08:33 +0300] "GET /styles.css HTTP/1.1" 304 -
::1 - - [11/Oct/2023:00:08:36 +0300] "GET /authorization.php HTTP/1.1" 200 1631
::1 - - [11/Oct/2023:00:08:36 +0300] "GET /styles.css HTTP/1.1" 304 -
::1 - - [11/Oct/2023:00:08:56 +0300] "GET /authorization.php HTTP/1.1" 200 1631
::1 - - [11/Oct/2023:00:08:56 +0300] "GET /styles.css HTTP/1.1" 200 1954
::1 - - [11/Oct/2023:00:08:58 +0300] "GET /index.php HTTP/1.1" 200 1539
::1 - - [11/Oct/2023:00:08:58 +0300] "GET /styles.css HTTP/1.1" 304 -
::1 - - [11/Oct/2023:00:08:59 +0300] "GET /feedback.php HTTP/1.1" 200 2581
::1 - - [11/Oct/2023:00:08:59 +0300] "GET /styles.css HTTP/1.1" 304 -
::1 - - [11/Oct/2023:00:09:29 +0300] "GET /authorization.php HTTP/1.1" 200 1631
::1 - - [11/Oct/2023:00:09:29 +0300] "GET /styles.css HTTP/1.1" 304 -
::1 - - [11/Oct/2023:00:10:24 +0300] "GET /authorization.php HTTP/1.1" 200 1631
::1 - - [11/Oct/2023:00:10:24 +0300] "GET /styles.css HTTP/1.1" 200 1954
::1 - - [11/Oct/2023:00:10:26 +0300] "GET /feedback.php HTTP/1.1" 200 2581
::1 - - [11/Oct/2023:00:10:26 +0300] "GET /styles.css HTTP/1.1" 304 -
::1 - - [11/Oct/2023:00:10:28 +0300] "GET /index.php HTTP/1.1" 200 1539
::1 - - [11/Oct/2023:00:10:28 +0300] "GET /styles.css HTTP/1.1" 304 -
::1 - - [11/Oct/2023:00:11:15 +0300] "GET /index.php HTTP/1.1" 200 1539
::1 - - [11/Oct/2023:00:11:15 +0300] "GET /styles.css HTTP/1.1" 200 1982
::1 - - [11/Oct/2023:00:11:18 +0300] "GET /feedback.php HTTP/1.1" 200 2581
::1 - - [11/Oct/2023:00:11:18 +0300] "GET /styles.css HTTP/1.1" 304 -
::1 - - [11/Oct/2023:00:11:19 +0300] "GET /authorization.php HTTP/1.1" 200 1631
::1 - - [11/Oct/2023:00:11:19 +0300] "GET /styles.css HTTP/1.1" 304 -
::1 - - [11/Oct/2023:00:12:15 +0300] "-" 408 -
::1 - - [11/Oct/2023:00:15:25 +0300] "GET /index.php HTTP/1.1" 200 1539
::1 - - [11/Oct/2023:00:15:25 +0300] "GET /styles.css HTTP/1.1" 200 1958
::1 - - [11/Oct/2023:00:15:30 +0300] "GET /index.php HTTP/1.1" 200 1539
::1 - - [11/Oct/2023:00:15:32 +0300] "GET /index.php HTTP/1.1" 200 1539
::1 - - [11/Oct/2023:00:15:34 +0300] "GET /index.php HTTP/1.1" 200 1539
::1 - - [11/Oct/2023:00:15:43 +0300] "GET /index.php HTTP/1.1" 200 1539
::1 - - [11/Oct/2023:00:15:43 +0300] "GET /styles.css HTTP/1.1" 304 -
::1 - - [11/Oct/2023:00:16:26 +0300] "GET /index.php HTTP/1.1" 200 1539
::1 - - [11/Oct/2023:00:16:26 +0300] "GET /styles.css HTTP/1.1" 200 1958
::1 - - [11/Oct/2023:00:16:39 +0300] "GET /index.php HTTP/1.1" 200 1539
::1 - - [11/Oct/2023:00:16:39 +0300] "GET /styles.css HTTP/1.1" 200 1958
::1 - - [11/Oct/2023:00:16:52 +0300] "GET /index.php HTTP/1.1" 200 1539
::1 - - [11/Oct/2023:00:16:52 +0300] "GET /styles.css HTTP/1.1" 200 1958
::1 - - [11/Oct/2023:00:17:04 +0300] "GET /feedback.php HTTP/1.1" 200 2581
::1 - - [11/Oct/2023:00:17:04 +0300] "GET /styles.css HTTP/1.1" 304 -
::1 - - [11/Oct/2023:00:17:36 +0300] "GET /feedback.php HTTP/1.1" 200 2581
::1 - - [11/Oct/2023:00:17:36 +0300] "GET /styles.css HTTP/1.1" 200 1920
::1 - - [11/Oct/2023:00:17:52 +0300] "GET /feedback.php HTTP/1.1" 200 2581
::1 - - [11/Oct/2023:00:17:52 +0300] "GET /styles.css HTTP/1.1" 200 1939
::1 - - [11/Oct/2023:00:17:57 +0300] "GET /authorization.php HTTP/1.1" 200 1631
::1 - - [11/Oct/2023:00:17:57 +0300] "GET /styles.css HTTP/1.1" 304 -
::1 - - [11/Oct/2023:00:18:00 +0300] "GET /authorization.php HTTP/1.1" 200 1631
::1 - - [11/Oct/2023:00:18:00 +0300] "GET /styles.css HTTP/1.1" 304 -
::1 - - [11/Oct/2023:00:18:01 +0300] "GET /feedback.php HTTP/1.1" 200 2581
::1 - - [11/Oct/2023:00:18:01 +0300] "GET /styles.css HTTP/1.1" 304 -
::1 - - [11/Oct/2023:00:18:05 +0300] "GET /index.php HTTP/1.1" 200 1539
::1 - - [11/Oct/2023:00:18:05 +0300] "GET /styles.css HTTP/1.1" 304 -
::1 - - [11/Oct/2023:00:18:05 +0300] "GET /dance2.jpg HTTP/1.1" 304 -
::1 - - [11/Oct/2023:00:18:08 +0300] "GET /authorization.php HTTP/1.1" 200 1631
::1 - - [11/Oct/2023:00:18:08 +0300] "GET /styles.css HTTP/1.1" 304 -
::1 - - [11/Oct/2023:00:18:39 +0300] "GET /feedback.php HTTP/1.1" 200 2581
::1 - - [11/Oct/2023:00:18:39 +0300] "GET /styles.css HTTP/1.1" 304 -
::1 - - [11/Oct/2023:00:19:25 +0300] "GET /index.php HTTP/1.1" 200 1539
::1 - - [11/Oct/2023:00:19:25 +0300] "GET /styles.css HTTP/1.1" 304 -
::1 - - [11/Oct/2023:00:19:29 +0300] "GET /authorization.php HTTP/1.1" 200 1631
::1 - - [11/Oct/2023:00:19:30 +0300] "GET /feedback.php HTTP/1.1" 200 2581
::1 - - [11/Oct/2023:00:19:36 +0300] "GET /authorization.php HTTP/1.1" 200 1631
::1 - - [11/Oct/2023:00:19:36 +0300] "GET /styles.css HTTP/1.1" 304 -
::1 - - [11/Oct/2023:00:20:36 +0300] "-" 408 -
::1 - - [11/Oct/2023:00:34:45 +0300] "GET /authorization.php HTTP/1.1" 200 1631
::1 - - [11/Oct/2023:00:34:45 +0300] "GET /styles.css HTTP/1.1" 200 2005
::1 - - [11/Oct/2023:00:34:46 +0300] "GET /index.php HTTP/1.1" 200 1539
::1 - - [11/Oct/2023:00:34:46 +0300] "GET /styles.css HTTP/1.1" 304 -
::1 - - [11/Oct/2023:00:34:47 +0300] "GET /index.php HTTP/1.1" 200 1539
::1 - - [11/Oct/2023:00:34:47 +0300] "GET /styles.css HTTP/1.1" 304 -
::1 - - [11/Oct/2023:00:35:58 +0300] "GET /index.php HTTP/1.1" 200 1539
::1 - - [11/Oct/2023:00:35:58 +0300] "GET /styles.css HTTP/1.1" 200 1996
::1 - - [11/Oct/2023:00:36:20 +0300] "GET /index.php HTTP/1.1" 200 1539
::1 - - [11/Oct/2023:00:36:20 +0300] "GET /styles.css HTTP/1.1" 200 1974
::1 - - [11/Oct/2023:00:49:13 +0300] "GET /index.php HTTP/1.1" 200 1851
::1 - - [11/Oct/2023:00:49:13 +0300] "GET /dance2.jpg HTTP/1.1" 304 -
::1 - - [11/Oct/2023:00:49:13 +0300] "GET /styles.css HTTP/1.1" 200 2013
::1 - - [11/Oct/2023:00:51:36 +0300] "GET /index.php HTTP/1.1" 200 1851
::1 - - [11/Oct/2023:00:51:36 +0300] "GET /styles.css HTTP/1.1" 200 2030
::1 - - [11/Oct/2023:00:52:36 +0300] "-" 408 -
::1 - - [11/Oct/2023:00:54:48 +0300] "GET /feedback.php HTTP/1.1" 200 2902
::1 - - [11/Oct/2023:00:54:49 +0300] "GET /styles.css HTTP/1.1" 304 -
::1 - - [11/Oct/2023:00:54:54 +0300] "GET /authorization.php HTTP/1.1" 200 1967
::1 - - [11/Oct/2023:00:55:54 +0300] "-" 408 -
::1 - - [11/Oct/2023:00:58:08 +0300] "GET /authorization.php HTTP/1.1" 200 1967
::1 - - [11/Oct/2023:00:58:08 +0300] "GET /styles.css HTTP/1.1" 200 2067
::1 - - [11/Oct/2023:00:58:46 +0300] "GET /authorization.php HTTP/1.1" 200 1967
::1 - - [11/Oct/2023:00:58:46 +0300] "GET /styles.css HTTP/1.1" 200 2068
::1 - - [11/Oct/2023:00:58:49 +0300] "GET /feedback.php HTTP/1.1" 200 2902
::1 - - [11/Oct/2023:00:58:49 +0300] "GET /styles.css HTTP/1.1" 304 -
::1 - - [11/Oct/2023:00:58:50 +0300] "GET /index.php HTTP/1.1" 200 1851
::1 - - [11/Oct/2023:00:58:50 +0300] "GET /styles.css HTTP/1.1" 304 -
::1 - - [11/Oct/2023:00:58:53 +0300] "GET /feedback.php HTTP/1.1" 200 2902
::1 - - [11/Oct/2023:00:58:53 +0300] "GET /styles.css HTTP/1.1" 304 -
::1 - - [11/Oct/2023:00:58:56 +0300] "GET /authorization.php HTTP/1.1" 200 1967
::1 - - [11/Oct/2023:00:58:56 +0300] "GET /styles.css HTTP/1.1" 304 -
::1 - - [11/Oct/2023:00:59:46 +0300] "GET /authorization.php HTTP/1.1" 200 1967
::1 - - [11/Oct/2023:00:59:46 +0300] "GET /styles.css HTTP/1.1" 200 1991
::1 - - [11/Oct/2023:00:59:48 +0300] "GET /feedback.php HTTP/1.1" 200 2902
::1 - - [11/Oct/2023:00:59:48 +0300] "GET /styles.css HTTP/1.1" 304 -
::1 - - [11/Oct/2023:00:59:49 +0300] "GET /feedback.php HTTP/1.1" 200 2902
::1 - - [11/Oct/2023:00:59:49 +0300] "GET /styles.css HTTP/1.1" 304 -
::1 - - [11/Oct/2023:00:59:58 +0300] "GET /feedback.php HTTP/1.1" 200 2902
::1 - - [11/Oct/2023:00:59:58 +0300] "GET /styles.css HTTP/1.1" 200 1991
::1 - - [11/Oct/2023:01:00:58 +0300] "-" 408 -
::1 - - [11/Oct/2023:01:03:28 +0300] "GET /feedback.php HTTP/1.1" 200 2902
::1 - - [11/Oct/2023:01:03:28 +0300] "GET /styles.css HTTP/1.1" 200 2015
::1 - - [11/Oct/2023:01:03:30 +0300] "GET /authorization.php HTTP/1.1" 200 1967
::1 - - [11/Oct/2023:01:03:30 +0300] "GET /styles.css HTTP/1.1" 304 -
::1 - - [11/Oct/2023:01:03:33 +0300] "GET /authorization.php HTTP/1.1" 200 1967
::1 - - [11/Oct/2023:01:03:33 +0300] "GET /styles.css HTTP/1.1" 304 -
::1 - - [11/Oct/2023:01:03:49 +0300] "GET /authorization.php HTTP/1.1" 200 1967
::1 - - [11/Oct/2023:01:03:49 +0300] "GET /styles.css HTTP/1.1" 200 2015
::1 - - [11/Oct/2023:01:04:49 +0300] "-" 408 -
::1 - - [11/Oct/2023:01:04:51 +0300] "GET /authorization.php HTTP/1.1" 200 1967
::1 - - [11/Oct/2023:01:04:51 +0300] "GET /styles.css HTTP/1.1" 200 2014
::1 - - [11/Oct/2023:01:05:17 +0300] "GET /authorization.php HTTP/1.1" 200 1967
::1 - - [11/Oct/2023:01:05:17 +0300] "GET /styles.css HTTP/1.1" 200 1991
::1 - - [11/Oct/2023:01:05:33 +0300] "GET /authorization.php HTTP/1.1" 200 1967
::1 - - [11/Oct/2023:01:05:33 +0300] "GET /styles.css HTTP/1.1" 200 2014
::1 - - [11/Oct/2023:01:06:15 +0300] "GET /authorization.php HTTP/1.1" 200 1967
::1 - - [11/Oct/2023:01:06:15 +0300] "GET /styles.css HTTP/1.1" 200 2017
::1 - - [11/Oct/2023:01:06:28 +0300] "GET /authorization.php HTTP/1.1" 200 1967
::1 - - [11/Oct/2023:01:06:28 +0300] "GET /styles.css HTTP/1.1" 200 2017
::1 - - [11/Oct/2023:01:06:54 +0300] "GET /authorization.php HTTP/1.1" 200 1967
::1 - - [11/Oct/2023:01:06:54 +0300] "GET /styles.css HTTP/1.1" 200 2074
::1 - - [11/Oct/2023:01:07:42 +0300] "GET /authorization.php HTTP/1.1" 200 1967
::1 - - [11/Oct/2023:01:07:42 +0300] "GET /styles.css HTTP/1.1" 200 2015
::1 - - [11/Oct/2023:01:08:11 +0300] "GET /authorization.php HTTP/1.1" 200 1967
::1 - - [11/Oct/2023:01:08:11 +0300] "GET /styles.css HTTP/1.1" 200 1982
::1 - - [11/Oct/2023:01:08:44 +0300] "GET /authorization.php HTTP/1.1" 200 2133
::1 - - [11/Oct/2023:01:08:44 +0300] "GET /styles.css HTTP/1.1" 200 1988
::1 - - [11/Oct/2023:01:09:01 +0300] "GET /authorization.php HTTP/1.1" 200 2133
::1 - - [11/Oct/2023:01:09:01 +0300] "GET /styles.css HTTP/1.1" 200 1986
::1 - - [11/Oct/2023:01:09:29 +0300] "GET /authorization.php HTTP/1.1" 200 2133
::1 - - [11/Oct/2023:01:09:29 +0300] "GET /styles.css HTTP/1.1" 200 1987
::1 - - [11/Oct/2023:01:09:42 +0300] "GET /authorization.php HTTP/1.1" 200 2133
::1 - - [11/Oct/2023:01:09:42 +0300] "GET /styles.css HTTP/1.1" 200 1986
::1 - - [11/Oct/2023:01:09:55 +0300] "GET /authorization.php HTTP/1.1" 200 2133
::1 - - [11/Oct/2023:01:09:55 +0300] "GET /styles.css HTTP/1.1" 200 1986
::1 - - [11/Oct/2023:01:10:04 +0300] "GET /authorization.php HTTP/1.1" 200 2133
::1 - - [11/Oct/2023:01:10:04 +0300] "GET /styles.css HTTP/1.1" 200 1986
::1 - - [11/Oct/2023:01:10:22 +0300] "GET /authorization.php HTTP/1.1" 200 2133
::1 - - [11/Oct/2023:01:10:22 +0300] "GET /styles.css HTTP/1.1" 200 1986
::1 - - [11/Oct/2023:01:10:34 +0300] "GET /authorization.php HTTP/1.1" 200 2133
::1 - - [11/Oct/2023:01:10:34 +0300] "GET /styles.css HTTP/1.1" 200 1987
::1 - - [11/Oct/2023:01:10:43 +0300] "GET /authorization.php HTTP/1.1" 200 2133
::1 - - [11/Oct/2023:01:10:43 +0300] "GET /styles.css HTTP/1.1" 200 1987
::1 - - [11/Oct/2023:01:10:56 +0300] "GET /authorization.php HTTP/1.1" 200 2133
::1 - - [11/Oct/2023:01:10:56 +0300] "GET /styles.css HTTP/1.1" 200 1987
::1 - - [11/Oct/2023:01:11:04 +0300] "GET /authorization.php HTTP/1.1" 200 2133
::1 - - [11/Oct/2023:01:11:04 +0300] "GET /styles.css HTTP/1.1" 200 1987
::1 - - [11/Oct/2023:01:11:14 +0300] "GET /authorization.php HTTP/1.1" 200 2133
::1 - - [11/Oct/2023:01:11:14 +0300] "GET /styles.css HTTP/1.1" 200 1987
::1 - - [11/Oct/2023:01:11:22 +0300] "GET /authorization.php HTTP/1.1" 200 2133
::1 - - [11/Oct/2023:01:11:22 +0300] "GET /styles.css HTTP/1.1" 200 1987
::1 - - [11/Oct/2023:01:12:22 +0300] "-" 408 -
::1 - - [11/Oct/2023:01:12:33 +0300] "GET /authorization.php HTTP/1.1" 200 2133
::1 - - [11/Oct/2023:01:12:33 +0300] "GET /styles.css HTTP/1.1" 200 1993
::1 - - [11/Oct/2023:01:12:35 +0300] "GET /index.php HTTP/1.1" 200 1851
::1 - - [11/Oct/2023:01:12:35 +0300] "GET /styles.css HTTP/1.1" 304 -
::1 - - [11/Oct/2023:01:12:35 +0300] "GET /dance2.jpg HTTP/1.1" 304 -
::1 - - [11/Oct/2023:01:12:57 +0300] "GET /index.php HTTP/1.1" 200 1851
::1 - - [11/Oct/2023:01:12:57 +0300] "GET /styles.css HTTP/1.1" 200 1987
::1 - - [11/Oct/2023:01:13:00 +0300] "GET /feedback.php HTTP/1.1" 200 2902
::1 - - [11/Oct/2023:01:13:00 +0300] "GET /styles.css HTTP/1.1" 304 -
::1 - - [11/Oct/2023:01:13:04 +0300] "GET /authorization.php HTTP/1.1" 200 2133
::1 - - [11/Oct/2023:01:13:04 +0300] "GET /styles.css HTTP/1.1" 304 -
::1 - - [11/Oct/2023:01:13:06 +0300] "GET /index.php HTTP/1.1" 200 1851
::1 - - [11/Oct/2023:01:13:06 +0300] "GET /styles.css HTTP/1.1" 304 -
::1 - - [11/Oct/2023:01:13:57 +0300] "-" 408 -
::1 - - [11/Oct/2023:01:14:18 +0300] "GET /index.php HTTP/1.1" 200 1851
::1 - - [11/Oct/2023:01:14:18 +0300] "GET /styles.css HTTP/1.1" 200 1986
::1 - - [11/Oct/2023:01:15:03 +0300] "GET /index.php HTTP/1.1" 200 1851
::1 - - [11/Oct/2023:01:15:03 +0300] "GET /styles.css HTTP/1.1" 200 1961
::1 - - [11/Oct/2023:01:15:06 +0300] "GET /index.php HTTP/1.1" 200 1851
::1 - - [11/Oct/2023:01:15:06 +0300] "GET /styles.css HTTP/1.1" 304 -
::1 - - [11/Oct/2023:01:15:07 +0300] "GET /feedback.php HTTP/1.1" 200 2902
::1 - - [11/Oct/2023:01:15:07 +0300] "GET /styles.css HTTP/1.1" 304 -
::1 - - [11/Oct/2023:01:15:09 +0300] "GET /authorization.php HTTP/1.1" 200 2133
::1 - - [11/Oct/2023:01:15:09 +0300] "GET /styles.css HTTP/1.1" 304 -
::1 - - [11/Oct/2023:01:15:11 +0300] "GET /index.php HTTP/1.1" 200 1851
::1 - - [11/Oct/2023:01:15:11 +0300] "GET /styles.css HTTP/1.1" 304 -
::1 - - [11/Oct/2023:01:15:32 +0300] "GET /index.php HTTP/1.1" 200 1851
::1 - - [11/Oct/2023:01:15:32 +0300] "GET /styles.css HTTP/1.1" 200 1956
::1 - - [11/Oct/2023:01:15:46 +0300] "GET /index.php HTTP/1.1" 200 1851
::1 - - [11/Oct/2023:01:15:47 +0300] "GET /styles.css HTTP/1.1" 200 1960
::1 - - [11/Oct/2023:01:16:23 +0300] "GET /index.php HTTP/1.1" 200 1851
::1 - - [11/Oct/2023:01:16:23 +0300] "GET /styles.css HTTP/1.1" 200 1936
::1 - - [11/Oct/2023:01:16:31 +0300] "GET /index.php HTTP/1.1" 200 1851
::1 - - [11/Oct/2023:01:16:31 +0300] "GET /styles.css HTTP/1.1" 304 -
::1 - - [11/Oct/2023:01:16:32 +0300] "GET /index.php HTTP/1.1" 200 1851
::1 - - [11/Oct/2023:01:16:33 +0300] "GET /styles.css HTTP/1.1" 304 -
::1 - - [11/Oct/2023:01:16:39 +0300] "GET /index.php HTTP/1.1" 200 1851
::1 - - [11/Oct/2023:01:16:39 +0300] "GET /styles.css HTTP/1.1" 200 1960
::1 - - [11/Oct/2023:01:16:50 +0300] "GET /authorization.php HTTP/1.1" 200 2133
::1 - - [11/Oct/2023:01:16:50 +0300] "GET /styles.css HTTP/1.1" 304 -
::1 - - [11/Oct/2023:01:16:55 +0300] "GET /feedback.php HTTP/1.1" 200 2902
::1 - - [11/Oct/2023:01:16:55 +0300] "GET /styles.css HTTP/1.1" 304 -
::1 - - [11/Oct/2023:01:16:56 +0300] "GET /index.php HTTP/1.1" 200 1851
::1 - - [11/Oct/2023:01:17:07 +0300] "GET /index.php HTTP/1.1" 200 1851
::1 - - [11/Oct/2023:01:17:07 +0300] "GET /styles.css HTTP/1.1" 304 -
::1 - - [11/Oct/2023:01:17:09 +0300] "GET /index.php HTTP/1.1" 200 1851
::1 - - [11/Oct/2023:01:17:17 +0300] "GET /feedback.php HTTP/1.1" 200 2902
::1 - - [11/Oct/2023:01:17:17 +0300] "GET /styles.css HTTP/1.1" 304 -
::1 - - [11/Oct/2023:01:17:30 +0300] "GET /authorization.php HTTP/1.1" 200 2133
::1 - - [11/Oct/2023:01:17:30 +0300] "GET /styles.css HTTP/1.1" 304 -
::1 - - [11/Oct/2023:01:18:30 +0300] "-" 408 -
::1 - - [11/Oct/2023:01:21:59 +0300] "GET /authorization.php HTTP/1.1" 200 2133
::1 - - [11/Oct/2023:01:21:59 +0300] "GET /styles.css HTTP/1.1" 200 1960
::1 - - [11/Oct/2023:01:22:35 +0300] "GET /authorization.php HTTP/1.1" 200 2133
::1 - - [11/Oct/2023:01:22:35 +0300] "GET /styles.css HTTP/1.1" 200 1960
::1 - - [11/Oct/2023:01:23:10 +0300] "GET /authorization.php HTTP/1.1" 200 2133
::1 - - [11/Oct/2023:01:23:10 +0300] "GET /styles.css HTTP/1.1" 200 1960
::1 - - [11/Oct/2023:01:23:12 +0300] "GET /index.php HTTP/1.1" 200 1851
::1 - - [11/Oct/2023:01:23:12 +0300] "GET /styles.css HTTP/1.1" 304 -
::1 - - [11/Oct/2023:01:24:10 +0300] "-" 408 -
::1 - - [11/Oct/2023:01:24:13 +0300] "GET /index.php HTTP/1.1" 200 1851
::1 - - [11/Oct/2023:01:24:13 +0300] "GET /styles.css HTTP/1.1" 304 -
::1 - - [11/Oct/2023:01:25:13 +0300] "-" 408 -
::1 - - [11/Oct/2023:01:52:26 +0300] "GET /index.php HTTP/1.1" 200 1530
::1 - - [11/Oct/2023:01:52:26 +0300] "GET /styles.css HTTP/1.1" 304 -
::1 - - [11/Oct/2023:01:53:26 +0300] "-" 408 -
::1 - - [11/Oct/2023:01:56:31 +0300] "GET /index.php HTTP/1.1" 200 1485
::1 - - [11/Oct/2023:01:56:31 +0300] "GET /styles.css HTTP/1.1" 304 -
::1 - - [11/Oct/2023:01:56:31 +0300] "GET /dance2.jpg HTTP/1.1" 304 -
::1 - - [11/Oct/2023:01:56:59 +0300] "GET /index.php HTTP/1.1" 200 1485
::1 - - [11/Oct/2023:01:57:59 +0300] "-" 408 -
::1 - - [11/Oct/2023:01:58:22 +0300] "GET /authorization.php HTTP/1.1" 200 1743
::1 - - [11/Oct/2023:01:58:23 +0300] "GET /feedback.php HTTP/1.1" 200 2527
::1 - - [11/Oct/2023:01:58:25 +0300] "GET /index.php HTTP/1.1" 200 1485
::1 - - [11/Oct/2023:01:58:26 +0300] "GET /feedback.php HTTP/1.1" 200 2527
::1 - - [11/Oct/2023:01:58:28 +0300] "GET /authorization.php HTTP/1.1" 200 1743
::1 - - [11/Oct/2023:01:59:22 +0300] "-" 408 -
::1 - - [11/Oct/2023:02:05:07 +0300] "GET /index.php HTTP/1.1" 200 1516
::1 - - [11/Oct/2023:02:05:08 +0300] "GET /styles.css HTTP/1.1" 200 1998
::1 - - [11/Oct/2023:02:05:46 +0300] "GET /index.php HTTP/1.1" 200 1516
::1 - - [11/Oct/2023:02:05:46 +0300] "GET /styles.css HTTP/1.1" 304 -
::1 - - [11/Oct/2023:02:06:46 +0300] "-" 408 -
::1 - - [11/Oct/2023:02:16:18 +0300] "GET /index.php HTTP/1.1" 200 1690
::1 - - [11/Oct/2023:02:16:18 +0300] "GET /styles.css HTTP/1.1" 304 -
::1 - - [11/Oct/2023:02:16:53 +0300] "GET /index.php HTTP/1.1" 200 1690
::1 - - [11/Oct/2023:02:16:54 +0300] "GET /index.php HTTP/1.1" 200 1690
::1 - - [11/Oct/2023:02:17:03 +0300] "GET /index.php HTTP/1.1" 200 1690
::1 - - [11/Oct/2023:02:17:52 +0300] "GET /index.php HTTP/1.1" 200 1690
::1 - - [11/Oct/2023:02:17:52 +0300] "GET /styles.css HTTP/1.1" 200 2033
::1 - - [11/Oct/2023:02:18:52 +0300] "-" 408 -
::1 - - [11/Oct/2023:02:19:03 +0300] "GET /index.php HTTP/1.1" 200 1690
::1 - - [11/Oct/2023:02:19:03 +0300] "GET /styles.css HTTP/1.1" 304 -
::1 - - [11/Oct/2023:02:19:05 +0300] "GET /feedback.php HTTP/1.1" 200 2745
::1 - - [11/Oct/2023:02:19:07 +0300] "GET /authorization.php HTTP/1.1" 200 1961
::1 - - [11/Oct/2023:02:19:08 +0300] "GET /index.php HTTP/1.1" 200 1690
::1 - - [11/Oct/2023:02:19:10 +0300] "GET /feedback.php HTTP/1.1" 200 2745
::1 - - [11/Oct/2023:02:19:11 +0300] "GET /authorization.php HTTP/1.1" 200 1961
::1 - - [11/Oct/2023:02:19:11 +0300] "GET /styles.css HTTP/1.1" 304 -
::1 - - [11/Oct/2023:02:19:38 +0300] "GET /feedback.php HTTP/1.1" 200 2745
::1 - - [11/Oct/2023:02:19:38 +0300] "GET /styles.css HTTP/1.1" 304 -
::1 - - [11/Oct/2023:02:19:42 +0300] "GET /index.php HTTP/1.1" 200 1690
::1 - - [11/Oct/2023:02:20:38 +0300] "-" 408 -
::1 - - [11/Oct/2023:12:43:17 +0300] "GET /index.php HTTP/1.1" 200 1690
::1 - - [11/Oct/2023:12:43:17 +0300] "GET /styles.css HTTP/1.1" 304 -
::1 - - [11/Oct/2023:12:43:17 +0300] "GET /dance2.jpg HTTP/1.1" 304 -
::1 - - [11/Oct/2023:12:43:17 +0300] "GET /favicon.ico HTTP/1.1" 404 196
::1 - - [11/Oct/2023:12:43:29 +0300] "GET /feedback.php HTTP/1.1" 200 2745
::1 - - [11/Oct/2023:12:43:37 +0300] "GET /authorization.php HTTP/1.1" 200 1961
::1 - - [11/Oct/2023:12:43:40 +0300] "GET /index.php HTTP/1.1" 200 1690
::1 - - [11/Oct/2023:12:44:06 +0300] "GET /index.php HTTP/1.1" 200 1690
::1 - - [11/Oct/2023:12:44:10 +0300] "GET /index.php HTTP/1.1" 200 1690
::1 - - [11/Oct/2023:12:44:14 +0300] "GET /index.php HTTP/1.1" 200 1690
::1 - - [11/Oct/2023:12:44:15 +0300] "GET /index.php HTTP/1.1" 200 1690
::1 - - [11/Oct/2023:12:45:06 +0300] "-" 408 -
::1 - - [11/Oct/2023:12:47:35 +0300] "GET /feedback.php HTTP/1.1" 200 2745
::1 - - [11/Oct/2023:12:47:36 +0300] "GET /authorization.php HTTP/1.1" 200 1961
::1 - - [11/Oct/2023:12:47:38 +0300] "GET /index.php HTTP/1.1" 200 1690
::1 - - [11/Oct/2023:12:47:39 +0300] "GET /feedback.php HTTP/1.1" 200 2745
::1 - - [11/Oct/2023:12:47:41 +0300] "GET /index.php HTTP/1.1" 200 1690
::1 - - [11/Oct/2023:12:48:35 +0300] "-" 408 -
::1 - - [11/Oct/2023:12:50:33 +0300] "GET /feedback.php HTTP/1.1" 200 2745
::1 - - [11/Oct/2023:12:50:34 +0300] "GET /authorization.php HTTP/1.1" 200 1961
::1 - - [11/Oct/2023:12:50:35 +0300] "GET /index.php HTTP/1.1" 200 1690
::1 - - [11/Oct/2023:12:50:37 +0300] "GET /feedback.php HTTP/1.1" 200 2745
::1 - - [11/Oct/2023:12:50:38 +0300] "GET /authorization.php HTTP/1.1" 200 1961
::1 - - [11/Oct/2023:12:50:40 +0300] "GET /index.php HTTP/1.1" 200 1690
::1 - - [11/Oct/2023:12:50:41 +0300] "GET /feedback.php HTTP/1.1" 200 2745
::1 - - [11/Oct/2023:12:50:44 +0300] "GET /index.php HTTP/1.1" 200 1690
::1 - - [11/Oct/2023:12:50:59 +0300] "GET /feedback.php HTTP/1.1" 200 2745
::1 - - [11/Oct/2023:12:51:59 +0300] "-" 408 -
::1 - - [11/Oct/2023:12:56:27 +0300] "GET /index.php HTTP/1.1" 200 1690
::1 - - [11/Oct/2023:12:56:29 +0300] "GET /feedback.php HTTP/1.1" 200 2745
::1 - - [11/Oct/2023:12:56:31 +0300] "GET /authorization.php HTTP/1.1" 200 1961
::1 - - [11/Oct/2023:12:57:27 +0300] "-" 408 -
::1 - - [11/Oct/2023:12:58:55 +0300] "GET /authorization.php HTTP/1.1" 200 1961
::1 - - [11/Oct/2023:12:58:57 +0300] "GET /authorization.php HTTP/1.1" 200 1961
::1 - - [11/Oct/2023:12:59:21 +0300] "GET /index.php HTTP/1.1" 200 1690
::1 - - [11/Oct/2023:12:59:22 +0300] "GET /feedback.php HTTP/1.1" 200 2745
::1 - - [11/Oct/2023:12:59:23 +0300] "GET /authorization.php HTTP/1.1" 200 1961
::1 - - [11/Oct/2023:12:59:42 +0300] "GET /authorization.php HTTP/1.1" 200 1961
::1 - - [11/Oct/2023:12:59:44 +0300] "GET /authorization.php HTTP/1.1" 200 1961
::1 - - [11/Oct/2023:12:59:45 +0300] "GET /index.php HTTP/1.1" 200 1690
::1 - - [11/Oct/2023:12:59:47 +0300] "GET /feedback.php HTTP/1.1" 200 2745
::1 - - [11/Oct/2023:12:59:48 +0300] "GET /authorization.php HTTP/1.1" 200 1961
::1 - - [11/Oct/2023:12:59:51 +0300] "GET /index.php HTTP/1.1" 200 1690
::1 - - [11/Oct/2023:12:59:53 +0300] "GET /feedback.php HTTP/1.1" 200 2745
::1 - - [11/Oct/2023:12:59:54 +0300] "GET /authorization.php HTTP/1.1" 200 1961
::1 - - [11/Oct/2023:12:59:56 +0300] "GET /index.php HTTP/1.1" 200 1690
::1 - - [11/Oct/2023:12:59:59 +0300] "GET /authorization.php HTTP/1.1" 200 1961
::1 - - [11/Oct/2023:13:00:03 +0300] "GET /feedback.php HTTP/1.1" 200 2745
::1 - - [11/Oct/2023:13:00:05 +0300] "GET /authorization.php HTTP/1.1" 200 1961
::1 - - [11/Oct/2023:13:00:06 +0300] "GET /feedback.php HTTP/1.1" 200 2745
::1 - - [11/Oct/2023:13:00:42 +0300] "-" 408 -
::1 - - [11/Oct/2023:13:21:24 +0300] "GET /authorization.php HTTP/1.1" 200 1961
::1 - - [11/Oct/2023:13:21:26 +0300] "GET /index.php HTTP/1.1" 200 1690
::1 - - [11/Oct/2023:13:22:24 +0300] "-" 408 -
::1 - - [11/Oct/2023:13:23:23 +0300] "GET /feedback.php HTTP/1.1" 200 2745
::1 - - [11/Oct/2023:13:23:24 +0300] "GET /authorization.php HTTP/1.1" 200 1961
::1 - - [11/Oct/2023:13:24:23 +0300] "-" 408 -
::1 - - [11/Oct/2023:13:26:35 +0300] "GET /index.php HTTP/1.1" 200 1690
::1 - - [11/Oct/2023:13:26:44 +0300] "GET /feedback.php HTTP/1.1" 200 2745
::1 - - [11/Oct/2023:13:26:46 +0300] "GET /authorization.php HTTP/1.1" 200 1961
::1 - - [11/Oct/2023:13:26:49 +0300] "GET /feedback.php HTTP/1.1" 200 2745
::1 - - [11/Oct/2023:13:26:50 +0300] "GET /index.php HTTP/1.1" 200 1690
::1 - - [11/Oct/2023:13:26:53 +0300] "GET /index.php HTTP/1.1" 200 1690
::1 - - [11/Oct/2023:13:28:27 +0300] "GET /index.php HTTP/1.1" 200 1690
::1 - - [11/Oct/2023:13:28:28 +0300] "GET /index.php HTTP/1.1" 200 1690
::1 - - [11/Oct/2023:13:29:27 +0300] "-" 408 -
::1 - - [11/Oct/2023:13:45:02 +0300] "GET /feedback.php HTTP/1.1" 200 2745
::1 - - [11/Oct/2023:13:45:04 +0300] "GET /authorization.php HTTP/1.1" 200 1961
::1 - - [11/Oct/2023:13:45:05 +0300] "GET /index.php HTTP/1.1" 200 1690
::1 - - [11/Oct/2023:13:45:10 +0300] "GET /index.php HTTP/1.1" 200 1690
::1 - - [11/Oct/2023:13:45:11 +0300] "GET /index.php HTTP/1.1" 200 1690
::1 - - [11/Oct/2023:13:46:02 +0300] "-" 408 -
::1 - - [11/Oct/2023:14:34:23 +0300] "GET /feedback.php HTTP/1.1" 200 2745
::1 - - [11/Oct/2023:14:34:23 +0300] "GET /styles.css HTTP/1.1" 200 2033
::1 - - [11/Oct/2023:14:34:25 +0300] "GET /authorization.php HTTP/1.1" 200 1961
::1 - - [11/Oct/2023:14:34:26 +0300] "GET /index.php HTTP/1.1" 200 1690
::1 - - [11/Oct/2023:14:34:28 +0300] "GET /feedback.php HTTP/1.1" 200 2745
::1 - - [11/Oct/2023:14:34:29 +0300] "GET /authorization.php HTTP/1.1" 200 1961
::1 - - [11/Oct/2023:14:34:31 +0300] "GET /index.php HTTP/1.1" 200 1690
::1 - - [11/Oct/2023:14:34:31 +0300] "GET /dance2.jpg HTTP/1.1" 304 -
::1 - - [11/Oct/2023:14:34:32 +0300] "GET /feedback.php HTTP/1.1" 200 2745
::1 - - [11/Oct/2023:14:34:33 +0300] "GET /authorization.php HTTP/1.1" 200 1961
::1 - - [11/Oct/2023:14:35:23 +0300] "-" 408 -
::1 - - [11/Oct/2023:14:57:50 +0300] "GET /feedback.php HTTP/1.1" 200 2745
::1 - - [11/Oct/2023:14:57:50 +0300] "GET /styles.css HTTP/1.1" 304 -
::1 - - [11/Oct/2023:14:57:52 +0300] "GET /index.php HTTP/1.1" 200 1690
::1 - - [11/Oct/2023:14:57:52 +0300] "GET /dance1.jpg HTTP/1.1" 304 -
::1 - - [11/Oct/2023:14:57:58 +0300] "GET /index.php HTTP/1.1" 200 1690
::1 - - [11/Oct/2023:14:57:59 +0300] "GET /index.php HTTP/1.1" 200 1690
::1 - - [11/Oct/2023:14:58:00 +0300] "GET /index.php HTTP/1.1" 200 1690
::1 - - [11/Oct/2023:14:58:01 +0300] "GET /index.php HTTP/1.1" 200 1690
::1 - - [11/Oct/2023:14:58:02 +0300] "GET /index.php HTTP/1.1" 200 1690
::1 - - [11/Oct/2023:14:58:03 +0300] "GET /index.php HTTP/1.1" 200 1690
::1 - - [11/Oct/2023:14:58:04 +0300] "GET /index.php HTTP/1.1" 200 1690
::1 - - [11/Oct/2023:14:58:05 +0300] "GET /index.php HTTP/1.1" 200 1690
::1 - - [11/Oct/2023:14:58:07 +0300] "GET /index.php HTTP/1.1" 200 1690
::1 - - [11/Oct/2023:14:58:09 +0300] "GET /index.php HTTP/1.1" 200 1690
::1 - - [11/Oct/2023:14:58:10 +0300] "GET /index.php HTTP/1.1" 200 1690
::1 - - [11/Oct/2023:14:58:12 +0300] "GET /index.php HTTP/1.1" 200 1690
::1 - - [11/Oct/2023:14:58:13 +0300] "GET /index.php HTTP/1.1" 200 1690
::1 - - [11/Oct/2023:14:58:58 +0300] "-" 408 -
::1 - - [11/Oct/2023:19:07:00 +0300] "GET /index.php HTTP/1.1" 200 1690
::1 - - [11/Oct/2023:19:07:00 +0300] "GET /styles.css HTTP/1.1" 304 -
::1 - - [11/Oct/2023:19:07:00 +0300] "GET /favicon.ico HTTP/1.1" 404 196
::1 - - [11/Oct/2023:19:07:12 +0300] "GET /index.php HTTP/1.1" 200 1690
::1 - - [11/Oct/2023:19:07:13 +0300] "GET /index.php HTTP/1.1" 200 1690
::1 - - [11/Oct/2023:19:07:13 +0300] "GET /dance2.jpg HTTP/1.1" 304 -
::1 - - [11/Oct/2023:19:07:50 +0300] "GET /feedback.php HTTP/1.1" 200 2745
::1 - - [11/Oct/2023:19:07:53 +0300] "GET /authorization.php HTTP/1.1" 200 1961
::1 - - [11/Oct/2023:19:07:55 +0300] "GET /feedback.php HTTP/1.1" 200 2745
::1 - - [11/Oct/2023:19:07:56 +0300] "GET /index.php HTTP/1.1" 200 1690
::1 - - [11/Oct/2023:19:07:58 +0300] "GET /feedback.php HTTP/1.1" 200 2745
::1 - - [11/Oct/2023:19:08:05 +0300] "GET /index.php HTTP/1.1" 200 1690
fe80::4e1d:41c4:64ea:6050 - - [13/Oct/2023:14:29:28 +0300] "GET / HTTP/1.1" 200 1690
::1 - - [15/Oct/2023:20:01:52 +0300] "GET /index.php HTTP/1.1" 200 1690
::1 - - [15/Oct/2023:20:01:52 +0300] "GET /dance1.jpg HTTP/1.1" 304 -
::1 - - [15/Oct/2023:20:01:52 +0300] "GET /styles.css HTTP/1.1" 304 -
::1 - - [15/Oct/2023:20:01:52 +0300] "GET /favicon.ico HTTP/1.1" 404 196
::1 - - [15/Oct/2023:20:02:28 +0300] "GET /index.php HTTP/1.1" 200 1690
::1 - - [15/Oct/2023:20:02:30 +0300] "GET /index.php HTTP/1.1" 200 1690
::1 - - [15/Oct/2023:20:02:31 +0300] "GET /index.php HTTP/1.1" 200 1690
::1 - - [15/Oct/2023:20:02:31 +0300] "GET /dance2.jpg HTTP/1.1" 304 -
::1 - - [15/Oct/2023:20:02:49 +0300] "GET /index.php HTTP/1.1" 200 1690
::1 - - [15/Oct/2023:20:02:51 +0300] "GET /index.php HTTP/1.1" 200 1690
::1 - - [15/Oct/2023:20:02:52 +0300] "GET /index.php HTTP/1.1" 200 1690
::1 - - [15/Oct/2023:20:02:54 +0300] "GET /index.php HTTP/1.1" 200 1690
::1 - - [15/Oct/2023:20:03:10 +0300] "GET /feedback.php HTTP/1.1" 200 2745
::1 - - [15/Oct/2023:20:03:24 +0300] "GET /authorization.php HTTP/1.1" 200 1961
::1 - - [15/Oct/2023:20:03:30 +0300] "GET /feedback.php HTTP/1.1" 200 2745
::1 - - [15/Oct/2023:20:03:31 +0300] "GET /authorization.php HTTP/1.1" 200 1961
::1 - - [15/Oct/2023:20:03:54 +0300] "GET /feedback.php HTTP/1.1" 200 2745
::1 - - [15/Oct/2023:20:04:02 +0300] "GET /authorization.php HTTP/1.1" 200 1961
::1 - - [15/Oct/2023:20:04:03 +0300] "GET /feedback.php HTTP/1.1" 200 2745
::1 - - [15/Oct/2023:20:04:06 +0300] "GET /index.php HTTP/1.1" 200 1690
::1 - - [15/Oct/2023:20:05:02 +0300] "-" 408 -
::1 - - [15/Oct/2023:20:07:41 +0300] "GET /feedback.php HTTP/1.1" 200 2745
::1 - - [15/Oct/2023:20:07:43 +0300] "GET /authorization.php HTTP/1.1" 200 1961
::1 - - [15/Oct/2023:20:07:47 +0300] "GET /feedback.php HTTP/1.1" 200 2745
::1 - - [15/Oct/2023:20:08:41 +0300] "-" 408 -
::1 - - [15/Oct/2023:20:09:18 +0300] "GET /index.php HTTP/1.1" 200 1690
::1 - - [15/Oct/2023:20:10:18 +0300] "-" 408 -
::1 - - [15/Oct/2023:20:33:49 +0300] "GET /feedback.php HTTP/1.1" 200 2745
::1 - - [15/Oct/2023:20:33:51 +0300] "GET /authorization.php HTTP/1.1" 200 1961
::1 - - [15/Oct/2023:20:33:53 +0300] "GET /index.php HTTP/1.1" 200 1690
::1 - - [15/Oct/2023:20:33:54 +0300] "GET /feedback.php HTTP/1.1" 200 2745
::1 - - [15/Oct/2023:20:33:56 +0300] "GET /authorization.php HTTP/1.1" 200 1961
::1 - - [15/Oct/2023:20:33:57 +0300] "GET /feedback.php HTTP/1.1" 200 2745
::1 - - [15/Oct/2023:20:34:49 +0300] "-" 408 -
::1 - - [15/Oct/2023:20:35:12 +0300] "GET /index.php HTTP/1.1" 200 1690
::1 - - [15/Oct/2023:20:36:12 +0300] "-" 408 -
